<?xml version="1.0" encoding="UTF-8"?>
<testng-results skipped="0" failed="0" total="1" passed="1">
  <reporter-output>
  </reporter-output>
  <suite name="Suite" duration-ms="20423" started-at="2019-04-29T21:21:08Z" finished-at="2019-04-29T21:21:29Z">
    <groups>
      <group name="cucumber">
        <method signature="AbstractTestNGCucumberTests.feature(cucumber.api.testng.CucumberFeatureWrapper)[pri:0, instance:TestRunner.Wayto_Automation_TestRunner@7791a895]" name="feature" class="cucumber.api.testng.AbstractTestNGCucumberTests"/>
      </group> <!-- cucumber -->
    </groups>
    <test name="waytoautomatioh" duration-ms="20423" started-at="2019-04-29T21:21:08Z" finished-at="2019-04-29T21:21:29Z">
      <class name="TestRunner.Wayto_Automation_TestRunner">
        <test-method status="PASS" signature="setUpClass()[pri:0, instance:TestRunner.Wayto_Automation_TestRunner@7791a895]" name="setUpClass" is-config="true" duration-ms="517" started-at="2019-04-29T23:21:08Z" finished-at="2019-04-29T23:21:09Z">
          <reporter-output>
          </reporter-output>
        </test-method> <!-- setUpClass -->
        <test-method status="PASS" signature="feature(cucumber.api.testng.CucumberFeatureWrapper)[pri:0, instance:TestRunner.Wayto_Automation_TestRunner@7791a895]" name="feature" duration-ms="18890" started-at="2019-04-29T23:21:09Z" description="Runs Cucumber Feature" data-provider="features" finished-at="2019-04-29T23:21:28Z">
          <params>
            <param index="0">
              <value>
                <![CDATA[Adduser]]>
              </value>
            </param>
          </params>
          <reporter-output>
          </reporter-output>
        </test-method> <!-- feature -->
        <test-method status="PASS" signature="tearDownClass()[pri:0, instance:TestRunner.Wayto_Automation_TestRunner@7791a895]" name="tearDownClass" is-config="true" duration-ms="859" started-at="2019-04-29T23:21:28Z" finished-at="2019-04-29T23:21:29Z">
          <reporter-output>
          </reporter-output>
        </test-method> <!-- tearDownClass -->
      </class> <!-- TestRunner.Wayto_Automation_TestRunner -->
    </test> <!-- waytoautomatioh -->
  </suite> <!-- Suite -->
</testng-results>
